#
# There is insufficient memory for the Java Runtime Environment to continue.
# Native memory allocation (mmap) failed to map 268435456 bytes for G1 virtual space
# Possible reasons:
#   The system is out of physical RAM or swap space
#   The process is running with CompressedOops enabled, and the Java Heap may be blocking the growth of the native heap
# Possible solutions:
#   Reduce memory load on the system
#   Increase physical memory or swap space
#   Check if swap backing store is full
#   Decrease Java heap size (-Xmx/-Xms)
#   Decrease number of Java threads
#   Decrease Java thread stack sizes (-Xss)
#   Set larger code cache with -XX:ReservedCodeCacheSize=
#   JVM is running with Zero Based Compressed Oops mode in which the Java heap is
#     placed in the first 32GB address space. The Java Heap base address is the
#     maximum limit for the native heap growth. Please use -XX:HeapBaseMinAddress
#     to set the Java Heap base and to place the Java Heap above 32GB virtual address.
# This output file may be truncated or incomplete.
#
#  Out of Memory Error (os_windows.cpp:3541), pid=34428, tid=31648
#
# JRE version:  (17.0.4.1+1) (build )
# Java VM: OpenJDK 64-Bit Server VM (17.0.4.1+1, mixed mode, sharing, tiered, compressed oops, compressed class ptrs, g1 gc, windows-amd64)
# No core dump will be written. Minidumps are not enabled by default on client versions of Windows
#

---------------  S U M M A R Y ------------

Command Line: -Dfile.encoding=UTF-8 -XX:+ShowCodeDetailsInExceptionMessages Admin

Host: Intel(R) Core(TM) i5-9300H CPU @ 2.40GHz, 8 cores, 15G,  Windows 11 , 64 bit Build 22621 (10.0.22621.2070)
Time: Sun Sep  3 01:01:56 2023 Malay Peninsula Standard Time elapsed time: 0.023919 seconds (0d 0h 0m 0s)

---------------  T H R E A D  ---------------

Current thread (0x0000020a5d679310):  JavaThread "Unknown thread" [_thread_in_vm, id=31648, stack(0x00000011d7200000,0x00000011d7300000)]

Stack: [0x00000011d7200000,0x00000011d7300000]
Native frames: (J=compiled Java code, j=interpreted, Vv=VM code, C=native code)
V  [jvm.dll+0x67731a]
V  [jvm.dll+0x832284]
V  [jvm.dll+0x833a2e]
V  [jvm.dll+0x834093]
V  [jvm.dll+0x245775]
V  [jvm.dll+0x674209]
V  [jvm.dll+0x668a92]
V  [jvm.dll+0x30471b]
V  [jvm.dll+0x30bc66]
V  [jvm.dll+0x35ba9e]
V  [jvm.dll+0x35bccf]
V  [jvm.dll+0x2db5b8]
V  [jvm.dll+0x2dc524]
V  [jvm.dll+0x803db1]
V  [jvm.dll+0x3698f1]
V  [jvm.dll+0x7e31bc]
V  [jvm.dll+0x3ec25f]
V  [jvm.dll+0x3edde1]
C  [jli.dll+0x5277]
C  [ucrtbase.dll+0x29363]
C  [KERNEL32.DLL+0x126ad]
C  [ntdll.dll+0x5aa68]


---------------  P R O C E S S  ---------------

Threads class SMR info:
_java_thread_list=0x00007ffecefa4e98, length=0, elements={
}

Java Threads: ( => current thread )

Other Threads:
  0x0000020a5d6e4c40 GCTaskThread "GC Thread#0" [stack: 0x00000011d7300000,0x00000011d7400000] [id=3956]
  0x0000020a5d6f5b20 ConcurrentGCThread "G1 Main Marker" [stack: 0x00000011d7400000,0x00000011d7500000] [id=30124]
  0x0000020a5d6f6cd0 ConcurrentGCThread "G1 Conc#0" [stack: 0x00000011d7500000,0x00000011d7600000] [id=22232]

[error occurred during error reporting (printing all threads), id 0xc0000005, EXCEPTION_ACCESS_VIOLATION (0xc0000005) at pc=0x00007ffece77c047]

VM state: not at safepoint (not fully initialized)

VM Mutex/Monitor currently owned by a thread:  ([mutex/lock_event])
[0x0000020a5d676400] Heap_lock - owner thread: 0x0000020a5d679310

Heap address: 0x0000000701c00000, size: 4068 MB, Compressed Oops mode: Zero based, Oop shift amount: 3

CDS archive(s) mapped at: [0x0000000000000000-0x0000000000000000-0x0000000000000000), size 0, SharedBaseAddress: 0x0000000800000000, ArchiveRelocationMode: 0.
Narrow klass base: 0x0000000000000000, Narrow klass shift: 0, Narrow klass range: 0x0

GC Precious Log:
<Empty>

Heap:
 garbage-first heap   total 0K, used 0K [0x0000000701c00000, 0x0000000800000000)
  region size 2048K, 0 young (0K), 0 survivors (0K)

[error occurred during error reporting (printing heap information), id 0xc0000005, EXCEPTION_ACCESS_VIOLATION (0xc0000005) at pc=0x00007ffeceb60699]

GC Heap History (0 events):
No events

Deoptimization events (0 events):
No events

Classes unloaded (0 events):
No events

Classes redefined (0 events):
No events

Internal exceptions (0 events):
No events

VM Operations (0 events):
No events

Events (1 events):
Event: 0.015 Loaded shared library C:\Users\loydc\.p2\pool\plugins\org.eclipse.justj.openjdk.hotspot.jre.full.win32.x86_64_17.0.4.v20220903-1038\jre\bin\java.dll


Dynamic libraries:
0x00007ff7e1640000 - 0x00007ff7e164e000 	C:\Users\loydc\.p2\pool\plugins\org.eclipse.justj.openjdk.hotspot.jre.full.win32.x86_64_17.0.4.v20220903-1038\jre\bin\javaw.exe
0x00007fff7d550000 - 0x00007fff7d764000 	C:\WINDOWS\SYSTEM32\ntdll.dll
0x00007fff7b680000 - 0x00007fff7b744000 	C:\WINDOWS\System32\KERNEL32.DLL
0x00007fff7a9f0000 - 0x00007fff7ad94000 	C:\WINDOWS\System32\KERNELBASE.dll
0x00007fff25c00000 - 0x00007fff25cd5000 	C:\Program Files\Bitdefender\Bitdefender Security\bdhkm\dlls_266758831933433160\bdhkm64.dll
0x00007fff25aa0000 - 0x00007fff25bf9000 	C:\Program Files\Bitdefender\Bitdefender Security\atcuf\dlls_266758831883934452\atcuf64.dll
0x00007fff7af40000 - 0x00007fff7b051000 	C:\WINDOWS\System32\ucrtbase.dll
0x00007fff558e0000 - 0x00007fff558f8000 	C:\Users\loydc\.p2\pool\plugins\org.eclipse.justj.openjdk.hotspot.jre.full.win32.x86_64_17.0.4.v20220903-1038\jre\bin\jli.dll
0x00007fff7b4d0000 - 0x00007fff7b67a000 	C:\WINDOWS\System32\USER32.dll
0x00007fff7b2e0000 - 0x00007fff7b306000 	C:\WINDOWS\System32\win32u.dll
0x00007fff7c330000 - 0x00007fff7c359000 	C:\WINDOWS\System32\GDI32.dll
0x00007fff7ae20000 - 0x00007fff7af39000 	C:\WINDOWS\System32\gdi32full.dll
0x00007fff7b060000 - 0x00007fff7b0fa000 	C:\WINDOWS\System32\msvcp_win.dll
0x00007fff53370000 - 0x00007fff53389000 	C:\Users\loydc\.p2\pool\plugins\org.eclipse.justj.openjdk.hotspot.jre.full.win32.x86_64_17.0.4.v20220903-1038\jre\bin\VCRUNTIME140.dll
0x00007fff54c20000 - 0x00007fff54eaf000 	C:\WINDOWS\WinSxS\amd64_microsoft.windows.common-controls_6595b64144ccf1df_6.0.22621.2070_none_2713e6537381f706\COMCTL32.dll
0x00007fff7c410000 - 0x00007fff7c4b7000 	C:\WINDOWS\System32\msvcrt.dll
0x00007fff7c720000 - 0x00007fff7c751000 	C:\WINDOWS\System32\IMM32.DLL
0x00007fff531c0000 - 0x00007fff531cc000 	C:\Users\loydc\.p2\pool\plugins\org.eclipse.justj.openjdk.hotspot.jre.full.win32.x86_64_17.0.4.v20220903-1038\jre\bin\vcruntime140_1.dll
0x00007fff3d8b0000 - 0x00007fff3d941000 	C:\Users\loydc\.p2\pool\plugins\org.eclipse.justj.openjdk.hotspot.jre.full.win32.x86_64_17.0.4.v20220903-1038\jre\bin\msvcp140.dll
0x00007ffece490000 - 0x00007ffecf0d6000 	C:\Users\loydc\.p2\pool\plugins\org.eclipse.justj.openjdk.hotspot.jre.full.win32.x86_64_17.0.4.v20220903-1038\jre\bin\server\jvm.dll
0x00007fff7c9b0000 - 0x00007fff7ca60000 	C:\WINDOWS\System32\ADVAPI32.dll
0x00007fff7c360000 - 0x00007fff7c406000 	C:\WINDOWS\System32\sechost.dll
0x00007fff7b7a0000 - 0x00007fff7b8b7000 	C:\WINDOWS\System32\RPCRT4.dll
0x00007fff7c870000 - 0x00007fff7c878000 	C:\WINDOWS\System32\PSAPI.DLL
0x00007fff479e0000 - 0x00007fff479e9000 	C:\WINDOWS\SYSTEM32\WSOCK32.dll
0x00007fff7d430000 - 0x00007fff7d4a1000 	C:\WINDOWS\System32\WS2_32.dll
0x00007fff72ba0000 - 0x00007fff72bd4000 	C:\WINDOWS\SYSTEM32\WINMM.dll
0x00007fff72be0000 - 0x00007fff72bea000 	C:\WINDOWS\SYSTEM32\VERSION.dll
0x00007fff799d0000 - 0x00007fff799e8000 	C:\WINDOWS\SYSTEM32\kernel.appcore.dll
0x00007fff4e370000 - 0x00007fff4e37a000 	C:\Users\loydc\.p2\pool\plugins\org.eclipse.justj.openjdk.hotspot.jre.full.win32.x86_64_17.0.4.v20220903-1038\jre\bin\jimage.dll
0x00007fff77c80000 - 0x00007fff77eae000 	C:\WINDOWS\SYSTEM32\DBGHELP.DLL
0x00007fff7bd40000 - 0x00007fff7c0ca000 	C:\WINDOWS\System32\combase.dll
0x00007fff7c250000 - 0x00007fff7c327000 	C:\WINDOWS\System32\OLEAUT32.dll
0x00007fff52ed0000 - 0x00007fff52f02000 	C:\WINDOWS\SYSTEM32\dbgcore.DLL
0x00007fff7ada0000 - 0x00007fff7ae1a000 	C:\WINDOWS\System32\bcryptPrimitives.dll
0x00007fff40e40000 - 0x00007fff40e65000 	C:\Users\loydc\.p2\pool\plugins\org.eclipse.justj.openjdk.hotspot.jre.full.win32.x86_64_17.0.4.v20220903-1038\jre\bin\java.dll

dbghelp: loaded successfully - version: 4.0.5 - missing functions: none
symbol engine: initialized successfully - sym options: 0x614 - pdb path: .;C:\Users\loydc\.p2\pool\plugins\org.eclipse.justj.openjdk.hotspot.jre.full.win32.x86_64_17.0.4.v20220903-1038\jre\bin;C:\WINDOWS\SYSTEM32;C:\Program Files\Bitdefender\Bitdefender Security\bdhkm\dlls_266758831933433160;C:\Program Files\Bitdefender\Bitdefender Security\atcuf\dlls_266758831883934452;C:\WINDOWS\WinSxS\amd64_microsoft.windows.common-controls_6595b64144ccf1df_6.0.22621.2070_none_2713e6537381f706;C:\Users\loydc\.p2\pool\plugins\org.eclipse.justj.openjdk.hotspot.jre.full.win32.x86_64_17.0.4.v20220903-1038\jre\bin\server

VM Arguments:
jvm_args: -Dfile.encoding=UTF-8 -XX:+ShowCodeDetailsInExceptionMessages 
java_command: Admin
java_class_path (initial): C:\Users\loydc\eclipse-workspace\cafeteria-system\bin
Launcher Type: SUN_STANDARD

[Global flags]
     intx CICompilerCount                          = 4                                         {product} {ergonomic}
     uint ConcGCThreads                            = 2                                         {product} {ergonomic}
     uint G1ConcRefinementThreads                  = 8                                         {product} {ergonomic}
   size_t G1HeapRegionSize                         = 2097152                                   {product} {ergonomic}
    uintx GCDrainStackTargetSize                   = 64                                        {product} {ergonomic}
   size_t InitialHeapSize                          = 268435456                                 {product} {ergonomic}
   size_t MarkStackSize                            = 4194304                                   {product} {ergonomic}
   size_t MaxHeapSize                              = 4265607168                                {product} {ergonomic}
   size_t MinHeapDeltaBytes                        = 2097152                                   {product} {ergonomic}
   size_t MinHeapSize                              = 8388608                                   {product} {ergonomic}
    uintx NonNMethodCodeHeapSize                   = 5839372                                {pd product} {ergonomic}
    uintx NonProfiledCodeHeapSize                  = 122909434                              {pd product} {ergonomic}
    uintx ProfiledCodeHeapSize                     = 122909434                              {pd product} {ergonomic}
    uintx ReservedCodeCacheSize                    = 251658240                              {pd product} {ergonomic}
     bool SegmentedCodeCache                       = true                                      {product} {ergonomic}
     bool ShowCodeDetailsInExceptionMessages       = true                                   {manageable} {command line}
   size_t SoftMaxHeapSize                          = 4265607168                             {manageable} {ergonomic}
     bool UseCompressedClassPointers               = true                           {product lp64_product} {ergonomic}
     bool UseCompressedOops                        = true                           {product lp64_product} {ergonomic}
     bool UseG1GC                                  = true                                      {product} {ergonomic}
     bool UseLargePagesIndividualAllocation        = false                                  {pd product} {ergonomic}

Logging:
Log output configuration:
 #0: stdout all=warning uptime,level,tags
 #1: stderr all=off uptime,level,tags

Environment Variables:
PATH=C:/Users/loydc/.p2/pool/plugins/org.eclipse.justj.openjdk.hotspot.jre.full.win32.x86_64_17.0.4.v20220903-1038/jre/bin/server;C:/Users/loydc/.p2/pool/plugins/org.eclipse.justj.openjdk.hotspot.jre.full.win32.x86_64_17.0.4.v20220903-1038/jre/bin;C:\ProgramData\Oracle\Java\javapath;C:\Program Files (x86)\Common Files\Oracle\Java\javapath;C:\Windows\system32;C:\Windows;C:\Windows\System32\Wbem;C:\Windows\System32\WindowsPowerShell\v1.0\;C:\Windows\System32\OpenSSH\;C:\Program Files (x86)\NVIDIA Corporation\PhysX\Common;C:\Program Files\NVIDIA Corporation\NVIDIA NvDLISR;C:\WINDOWS\system32;C:\WINDOWS;C:\WINDOWS\System32\Wbem;C:\WINDOWS\System32\WindowsPowerShell\v1.0\;C:\WINDOWS\System32\OpenSSH\;C:\Program Files\MongoDB\Server\6.0\bin;C:\Program Files\Git\cmd;C:\Users\loydc\AppData\Roaming\nvm;C:\Program Files\nodejs;C:\Program Files\MySQL\MySQL Shell 8.0\bin\;C:\Users\loydc\AppData\Local\Microsoft\WindowsApps;C:\Users\loydc\AppData\Local\Programs\Microsoft VS Code\bin;C:\Users\loydc\AppData\Roaming\npm;C:\Program Files\heroku\bin;C:\Users\loydc\AppData\Local\spicetify;C:\Users\loydc\AppData\Roaming\nvm;C:\Program Files\nodejs;C:\Program Files\MySQL\MySQL Server 8.0\bin;;C:\WINDOWS\system32;
USERNAME=loydc
OS=Windows_NT
PROCESSOR_IDENTIFIER=Intel64 Family 6 Model 158 Stepping 10, GenuineIntel
TMP=C:\Users\loydc\AppData\Local\Temp
TEMP=C:\Users\loydc\AppData\Local\Temp



---------------  S Y S T E M  ---------------

OS:
 Windows 11 , 64 bit Build 22621 (10.0.22621.2070)
OS uptime: 0 days 9:26 hours
Hyper-V role detected

CPU: total 8 (initial active 8) (4 cores per cpu, 2 threads per core) family 6 model 158 stepping 10 microcode 0xea, cx8, cmov, fxsr, ht, mmx, 3dnowpref, sse, sse2, sse3, ssse3, sse4.1, sse4.2, popcnt, lzcnt, tsc, tscinvbit, avx, avx2, aes, erms, clmul, bmi1, bmi2, adx, fma, vzeroupper, clflush, clflushopt, hv

Memory: 4k page, system-wide physical 16264M (3535M free)
TotalPageFile size 65382M (AvailPageFile size 135M)
current process WorkingSet (physical memory assigned to process): 13M, peak: 13M
current process commit charge ("private bytes"): 62M, peak: 318M

vm_info: OpenJDK 64-Bit Server VM (17.0.4.1+1) for windows-amd64 JRE (17.0.4.1+1), built on Aug 17 2022 07:42:43 by "temurin" with MS VC++ 16.7 (VS2019)

END.
